<?xml version="1.0" encoding="UTF-8"?>
<!-- Generated by org.testng.reporters.JUnitReportReporter -->
<testsuite hostname="DESKTOP-TU1DBE4" failures="0" tests="1" name="runnerfile.runnertest" time="22.458" errors="0" timestamp="2024-04-29T11:40:00 IST" skipped="0">
  <testcase classname="runnerfile.runnertest" name="runScenario" time="22.458"/>
</testsuite> <!-- runnerfile.runnertest -->
